{"/Users/zane/playground/command-line-help/src/command-line-help.mjs": {"path":"/Users/zane/playground/command-line-help/src/command-line-help.mjs","statementMap":{"0":{"start":{"line":1,"column":0},"end":{"line":1,"column":null}},"1":{"start":{"line":2,"column":0},"end":{"line":2,"column":null}},"2":{"start":{"line":4,"column":0},"end":{"line":4,"column":63}},"3":{"start":{"line":4,"column":63},"end":{"line":4,"column":null}},"4":{"start":{"line":6,"column":21},"end":{"line":88,"column":1}},"5":{"start":{"line":7,"column":9},"end":{"line":7,"column":8}},"6":{"start":{"line":7,"column":9},"end":{"line":8,"column":10}},"7":{"start":{"line":8,"column":10},"end":{"line":8,"column":null}},"8":{"start":{"line":9,"column":15},"end":{"line":9,"column":14}},"9":{"start":{"line":9,"column":15},"end":{"line":10,"column":19}},"10":{"start":{"line":10,"column":19},"end":{"line":10,"column":null}},"11":{"start":{"line":10,"column":27},"end":{"line":11,"column":9}},"12":{"start":{"line":11,"column":9},"end":{"line":11,"column":null}},"13":{"start":{"line":11,"column":17},"end":{"line":12,"column":7}},"14":{"start":{"line":12,"column":7},"end":{"line":12,"column":null}},"15":{"start":{"line":14,"column":34},"end":{"line":14,"column":15}},"16":{"start":{"line":15,"column":2},"end":{"line":15,"column":51}},"17":{"start":{"line":16,"column":15},"end":{"line":16,"column":17}},"18":{"start":{"line":20,"column":2},"end":{"line":85,"column":null}},"19":{"start":{"line":21,"column":43},"end":{"line":21,"column":17}},"20":{"start":{"line":21,"column":43},"end":{"line":21,"column":28}},"21":{"start":{"line":22,"column":41},"end":{"line":22,"column":23}},"22":{"start":{"line":22,"column":41},"end":{"line":22,"column":36}},"23":{"start":{"line":25,"column":4},"end":{"line":25,"column":null}},"24":{"start":{"line":26,"column":4},"end":{"line":28,"column":null}},"25":{"start":{"line":27,"column":6},"end":{"line":27,"column":null}},"26":{"start":{"line":29,"column":4},"end":{"line":29,"column":null}},"27":{"start":{"line":29,"column":36},"end":{"line":29,"column":35}},"28":{"start":{"line":29,"column":36},"end":{"line":29,"column":77}},"29":{"start":{"line":31,"column":45},"end":{"line":31,"column":20}},"30":{"start":{"line":31,"column":35},"end":{"line":31,"column":45}},"31":{"start":{"line":33,"column":23},"end":{"line":33,"column":30}},"32":{"start":{"line":34,"column":4},"end":{"line":36,"column":null}},"33":{"start":{"line":35,"column":6},"end":{"line":35,"column":null}},"34":{"start":{"line":37,"column":4},"end":{"line":39,"column":null}},"35":{"start":{"line":38,"column":6},"end":{"line":38,"column":null}},"36":{"start":{"line":41,"column":4},"end":{"line":45,"column":null}},"37":{"start":{"line":42,"column":6},"end":{"line":44,"column":null}},"38":{"start":{"line":47,"column":4},"end":{"line":53,"column":null}},"39":{"start":{"line":55,"column":4},"end":{"line":55,"column":null}},"40":{"start":{"line":56,"column":4},"end":{"line":56,"column":null}},"41":{"start":{"line":57,"column":4},"end":{"line":57,"column":null}},"42":{"start":{"line":59,"column":19},"end":{"line":59,"column":26}},"43":{"start":{"line":60,"column":25},"end":{"line":60,"column":27}},"44":{"start":{"line":60,"column":27},"end":{"line":61,"column":36}},"45":{"start":{"line":61,"column":34},"end":{"line":68,"column":null}},"46":{"start":{"line":61,"column":34},"end":{"line":68,"column":5}},"47":{"start":{"line":61,"column":22},"end":{"line":61,"column":26}},"48":{"start":{"line":62,"column":6},"end":{"line":62,"column":null}},"49":{"start":{"line":62,"column":47},"end":{"line":62,"column":46}},"50":{"start":{"line":62,"column":47},"end":{"line":62,"column":71}},"51":{"start":{"line":64,"column":6},"end":{"line":66,"column":7}},"52":{"start":{"line":64,"column":34},"end":{"line":65,"column":null}},"53":{"start":{"line":67,"column":6},"end":{"line":67,"column":null}},"54":{"start":{"line":61,"column":4},"end":{"line":61,"column":15}},"55":{"start":{"line":68,"column":5},"end":{"line":68,"column":null}},"56":{"start":{"line":70,"column":58},"end":{"line":70,"column":66}},"57":{"start":{"line":70,"column":66},"end":{"line":70,"column":20}},"58":{"start":{"line":70,"column":35},"end":{"line":70,"column":42}},"59":{"start":{"line":70,"column":53},"end":{"line":70,"column":52}},"60":{"start":{"line":71,"column":39},"end":{"line":71,"column":47}},"61":{"start":{"line":71,"column":47},"end":{"line":71,"column":19}},"62":{"start":{"line":71,"column":29},"end":{"line":71,"column":39}},"63":{"start":{"line":72,"column":4},"end":{"line":72,"column":null}},"64":{"start":{"line":72,"column":36},"end":{"line":72,"column":35}},"65":{"start":{"line":72,"column":36},"end":{"line":72,"column":77}},"66":{"start":{"line":73,"column":4},"end":{"line":76,"column":null}},"67":{"start":{"line":74,"column":6},"end":{"line":74,"column":43}},"68":{"start":{"line":75,"column":6},"end":{"line":75,"column":null}},"69":{"start":{"line":78,"column":16},"end":{"line":78,"column":57}},"70":{"start":{"line":79,"column":4},"end":{"line":81,"column":null}},"71":{"start":{"line":82,"column":4},"end":{"line":82,"column":null}},"72":{"start":{"line":83,"column":4},"end":{"line":83,"column":null}},"73":{"start":{"line":84,"column":4},"end":{"line":84,"column":null}},"74":{"start":{"line":87,"column":2},"end":{"line":87,"column":null}},"75":{"start":{"line":90,"column":21},"end":{"line":90,"column":53}},"76":{"start":{"line":90,"column":28},"end":{"line":90,"column":53}},"77":{"start":{"line":92,"column":21},"end":{"line":92,"column":53}},"78":{"start":{"line":92,"column":28},"end":{"line":92,"column":53}},"79":{"start":{"line":94,"column":21},"end":{"line":94,"column":52}},"80":{"start":{"line":94,"column":26},"end":{"line":94,"column":52}},"81":{"start":{"line":96,"column":20},"end":{"line":96,"column":50}},"82":{"start":{"line":96,"column":25},"end":{"line":96,"column":50}},"83":{"start":{"line":98,"column":25},"end":{"line":99,"column":null}},"84":{"start":{"line":98,"column":36},"end":{"line":98,"column":35}},"85":{"start":{"line":98,"column":45},"end":{"line":98,"column":44}},"86":{"start":{"line":98,"column":52},"end":{"line":98,"column":51}},"87":{"start":{"line":98,"column":52},"end":{"line":99,"column":null}},"88":{"start":{"line":101,"column":22},"end":{"line":118,"column":1}},"89":{"start":{"line":101,"column":34},"end":{"line":101,"column":33}},"90":{"start":{"line":101,"column":42},"end":{"line":101,"column":41}},"91":{"start":{"line":101,"column":49},"end":{"line":101,"column":48}},"92":{"start":{"line":101,"column":58},"end":{"line":101,"column":57}},"93":{"start":{"line":101,"column":65},"end":{"line":101,"column":64}},"94":{"start":{"line":102,"column":2},"end":{"line":117,"column":null}},"95":{"start":{"line":103,"column":24},"end":{"line":103,"column":98}},"96":{"start":{"line":103,"column":49},"end":{"line":103,"column":48}},"97":{"start":{"line":103,"column":49},"end":{"line":103,"column":96}},"98":{"start":{"line":105,"column":4},"end":{"line":114,"column":null}},"99":{"start":{"line":109,"column":35},"end":{"line":109,"column":34}},"100":{"start":{"line":109,"column":48},"end":{"line":109,"column":47}},"101":{"start":{"line":109,"column":48},"end":{"line":112,"column":10}},"102":{"start":{"line":116,"column":4},"end":{"line":116,"column":null}},"103":{"start":{"line":120,"column":24},"end":{"line":121,"column":null}},"104":{"start":{"line":120,"column":34},"end":{"line":120,"column":33}},"105":{"start":{"line":120,"column":43},"end":{"line":120,"column":42}},"106":{"start":{"line":120,"column":50},"end":{"line":120,"column":49}},"107":{"start":{"line":120,"column":50},"end":{"line":121,"column":null}}},"fnMap":{"0":{"name":"_createForOfIteratorHelper","decl":{"start":{"line":4,"column":63},"end":{"line":4,"column":null}},"loc":{"start":{"line":4,"column":63},"end":{"line":4,"column":null}}},"1":{"name":"commandLineHelp","decl":{"start":{"line":6,"column":6},"end":{"line":6,"column":21}},"loc":{"start":{"line":13,"column":6},"end":{"line":88,"column":1}}},"2":{"name":"(anonymous_11)","decl":{"start":{"line":29,"column":29},"end":{"line":29,"column":32}},"loc":{"start":{"line":29,"column":29},"end":{"line":29,"column":77}}},"3":{"name":"_loop","decl":{"start":{"line":61,"column":34},"end":{"line":61,"column":36}},"loc":{"start":{"line":61,"column":36},"end":{"line":68,"column":5}}},"4":{"name":"(anonymous_13)","decl":{"start":{"line":62,"column":40},"end":{"line":62,"column":43}},"loc":{"start":{"line":62,"column":40},"end":{"line":62,"column":71}}},"5":{"name":"(anonymous_14)","decl":{"start":{"line":72,"column":29},"end":{"line":72,"column":32}},"loc":{"start":{"line":72,"column":29},"end":{"line":72,"column":77}}},"6":{"name":"colorHeader1","decl":{"start":{"line":90,"column":6},"end":{"line":90,"column":18}},"loc":{"start":{"line":90,"column":28},"end":{"line":90,"column":53}}},"7":{"name":"colorHeader2","decl":{"start":{"line":92,"column":6},"end":{"line":92,"column":18}},"loc":{"start":{"line":92,"column":28},"end":{"line":92,"column":53}}},"8":{"name":"colorCommand","decl":{"start":{"line":94,"column":6},"end":{"line":94,"column":18}},"loc":{"start":{"line":94,"column":26},"end":{"line":94,"column":52}}},"9":{"name":"colorOption","decl":{"start":{"line":96,"column":6},"end":{"line":96,"column":17}},"loc":{"start":{"line":96,"column":25},"end":{"line":96,"column":50}}},"10":{"name":"documentCommands","decl":{"start":{"line":98,"column":6},"end":{"line":98,"column":22}},"loc":{"start":{"line":98,"column":22},"end":{"line":99,"column":null}}},"11":{"name":"documentItems","decl":{"start":{"line":101,"column":6},"end":{"line":101,"column":19}},"loc":{"start":{"line":101,"column":72},"end":{"line":118,"column":1}}},"12":{"name":"(anonymous_21)","decl":{"start":{"line":103,"column":37},"end":{"line":103,"column":38}},"loc":{"start":{"line":103,"column":41},"end":{"line":103,"column":96}}},"13":{"name":"(anonymous_22)","decl":{"start":{"line":109,"column":28},"end":{"line":109,"column":31}},"loc":{"start":{"line":109,"column":28},"end":{"line":112,"column":10}}},"14":{"name":"documentOptions","decl":{"start":{"line":120,"column":6},"end":{"line":120,"column":21}},"loc":{"start":{"line":120,"column":21},"end":{"line":121,"column":null}}}},"branchMap":{"0":{"loc":{"start":{"line":4,"column":63},"end":{"line":4,"column":null}},"type":"binary-expr","locations":[{"start":{"line":4,"column":63},"end":{"line":4,"column":null}},{"start":{"line":4,"column":63},"end":{"line":4,"column":null}},{"start":{"line":4,"column":63},"end":{"line":4,"column":null}}]},"1":{"loc":{"start":{"line":4,"column":63},"end":{"line":4,"column":null}},"type":"if","locations":[{"start":{"line":4,"column":63},"end":{"line":4,"column":null}}]},"2":{"loc":{"start":{"line":4,"column":63},"end":{"line":4,"column":null}},"type":"binary-expr","locations":[{"start":{"line":4,"column":63},"end":{"line":4,"column":null}},{"start":{"line":4,"column":63},"end":{"line":4,"column":null}},{"start":{"line":4,"column":63},"end":{"line":4,"column":null}},{"start":{"line":4,"column":63},"end":{"line":4,"column":null}},{"start":{"line":4,"column":63},"end":{"line":4,"column":null}}]},"3":{"loc":{"start":{"line":4,"column":63},"end":{"line":4,"column":null}},"type":"binary-expr","locations":[{"start":{"line":4,"column":63},"end":{"line":4,"column":null}},{"start":{"line":4,"column":63},"end":{"line":4,"column":null}}]},"4":{"loc":{"start":{"line":8,"column":10},"end":{"line":8,"column":null}},"type":"cond-expr","locations":[{"start":{"line":8,"column":13},"end":{"line":8,"column":15}},{"start":{"line":8,"column":15},"end":{"line":8,"column":null}}]},"5":{"loc":{"start":{"line":10,"column":19},"end":{"line":10,"column":null}},"type":"cond-expr","locations":[{"start":{"line":10,"column":22},"end":{"line":10,"column":27}},{"start":{"line":10,"column":27},"end":{"line":10,"column":null}}]},"6":{"loc":{"start":{"line":11,"column":9},"end":{"line":11,"column":null}},"type":"cond-expr","locations":[{"start":{"line":11,"column":12},"end":{"line":11,"column":17}},{"start":{"line":11,"column":17},"end":{"line":11,"column":null}}]},"7":{"loc":{"start":{"line":12,"column":7},"end":{"line":12,"column":null}},"type":"cond-expr","locations":[{"start":{"line":12,"column":10},"end":{"line":12,"column":12}},{"start":{"line":12,"column":12},"end":{"line":12,"column":null}}]},"8":{"loc":{"start":{"line":15,"column":16},"end":{"line":15,"column":50}},"type":"binary-expr","locations":[{"start":{"line":15,"column":16},"end":{"line":15,"column":27}},{"start":{"line":15,"column":31},"end":{"line":15,"column":50}}]},"9":{"loc":{"start":{"line":20,"column":2},"end":{"line":85,"column":null}},"type":"if","locations":[{"start":{"line":20,"column":2},"end":{"line":85,"column":null}},{"start":{"line":58,"column":9},"end":{"line":85,"column":null}}]},"10":{"loc":{"start":{"line":25,"column":15},"end":{"line":25,"column":67}},"type":"binary-expr","locations":[{"start":{"line":25,"column":15},"end":{"line":25,"column":34}},{"start":{"line":25,"column":38},"end":{"line":25,"column":45}},{"start":{"line":25,"column":50},"end":{"line":25,"column":61}},{"start":{"line":25,"column":65},"end":{"line":25,"column":67}}]},"11":{"loc":{"start":{"line":25,"column":15},"end":{"line":25,"column":30}},"type":"cond-expr","locations":[{"start":{"line":25,"column":22},"end":{"line":25,"column":24}},{"start":{"line":25,"column":15},"end":{"line":25,"column":30}}]},"12":{"loc":{"start":{"line":25,"column":15},"end":{"line":25,"column":24}},"type":"binary-expr","locations":[{"start":{"line":25,"column":15},"end":{"line":25,"column":24}},{"start":{"line":25,"column":22},"end":{"line":25,"column":24}}]},"13":{"loc":{"start":{"line":26,"column":4},"end":{"line":28,"column":null}},"type":"if","locations":[{"start":{"line":26,"column":4},"end":{"line":28,"column":null}}]},"14":{"loc":{"start":{"line":31,"column":35},"end":{"line":31,"column":45}},"type":"cond-expr","locations":[{"start":{"line":31,"column":38},"end":{"line":31,"column":40}},{"start":{"line":31,"column":40},"end":{"line":31,"column":45}}]},"15":{"loc":{"start":{"line":34,"column":4},"end":{"line":36,"column":null}},"type":"if","locations":[{"start":{"line":34,"column":4},"end":{"line":36,"column":null}}]},"16":{"loc":{"start":{"line":37,"column":4},"end":{"line":39,"column":null}},"type":"if","locations":[{"start":{"line":37,"column":4},"end":{"line":39,"column":null}}]},"17":{"loc":{"start":{"line":41,"column":4},"end":{"line":45,"column":null}},"type":"if","locations":[{"start":{"line":41,"column":4},"end":{"line":45,"column":null}}]},"18":{"loc":{"start":{"line":41,"column":8},"end":{"line":41,"column":28}},"type":"cond-expr","locations":[{"start":{"line":41,"column":20},"end":{"line":41,"column":22}},{"start":{"line":41,"column":8},"end":{"line":41,"column":28}}]},"19":{"loc":{"start":{"line":41,"column":8},"end":{"line":41,"column":22}},"type":"binary-expr","locations":[{"start":{"line":41,"column":8},"end":{"line":41,"column":22}},{"start":{"line":41,"column":8},"end":{"line":41,"column":22}}]},"20":{"loc":{"start":{"line":44,"column":38},"end":{"line":44,"column":93}},"type":"cond-expr","locations":[{"start":{"line":44,"column":67},"end":{"line":44,"column":88}},{"start":{"line":44,"column":91},"end":{"line":44,"column":93}}]},"21":{"loc":{"start":{"line":48,"column":17},"end":{"line":48,"column":75}},"type":"cond-expr","locations":[{"start":{"line":48,"column":36},"end":{"line":48,"column":47}},{"start":{"line":48,"column":50},"end":{"line":48,"column":75}}]},"22":{"loc":{"start":{"line":50,"column":18},"end":{"line":50,"column":68}},"type":"cond-expr","locations":[{"start":{"line":50,"column":37},"end":{"line":50,"column":44}},{"start":{"line":50,"column":47},"end":{"line":50,"column":68}}]},"23":{"loc":{"start":{"line":64,"column":6},"end":{"line":66,"column":7}},"type":"if","locations":[{"start":{"line":64,"column":6},"end":{"line":66,"column":7}}]},"24":{"loc":{"start":{"line":61,"column":4},"end":{"line":61,"column":15}},"type":"if","locations":[{"start":{"line":61,"column":4},"end":{"line":61,"column":15}}]},"25":{"loc":{"start":{"line":70,"column":35},"end":{"line":70,"column":42}},"type":"cond-expr","locations":[{"start":{"line":70,"column":38},"end":{"line":70,"column":40}},{"start":{"line":70,"column":40},"end":{"line":70,"column":42}}]},"26":{"loc":{"start":{"line":71,"column":29},"end":{"line":71,"column":39}},"type":"cond-expr","locations":[{"start":{"line":71,"column":32},"end":{"line":71,"column":34}},{"start":{"line":71,"column":34},"end":{"line":71,"column":39}}]},"27":{"loc":{"start":{"line":73,"column":4},"end":{"line":76,"column":null}},"type":"if","locations":[{"start":{"line":73,"column":4},"end":{"line":76,"column":null}}]},"28":{"loc":{"start":{"line":80,"column":17},"end":{"line":80,"column":65}},"type":"cond-expr","locations":[{"start":{"line":80,"column":36},"end":{"line":80,"column":42}},{"start":{"line":80,"column":45},"end":{"line":80,"column":65}}]},"29":{"loc":{"start":{"line":102,"column":2},"end":{"line":117,"column":null}},"type":"if","locations":[{"start":{"line":102,"column":2},"end":{"line":117,"column":null}},{"start":{"line":115,"column":9},"end":{"line":117,"column":null}}]},"30":{"loc":{"start":{"line":103,"column":56},"end":{"line":103,"column":94}},"type":"cond-expr","locations":[{"start":{"line":103,"column":77},"end":{"line":103,"column":80}},{"start":{"line":103,"column":83},"end":{"line":103,"column":94}}]},"31":{"loc":{"start":{"line":106,"column":16},"end":{"line":106,"column":64}},"type":"cond-expr","locations":[{"start":{"line":106,"column":35},"end":{"line":106,"column":41}},{"start":{"line":106,"column":44},"end":{"line":106,"column":64}}]},"32":{"loc":{"start":{"line":110,"column":20},"end":{"line":110,"column":52}},"type":"cond-expr","locations":[{"start":{"line":110,"column":30},"end":{"line":110,"column":34}},{"start":{"line":110,"column":37},"end":{"line":110,"column":52}}]}},"s":{"0":1,"1":1,"2":1,"3":0,"4":1,"5":1,"6":1,"7":1,"8":1,"9":1,"10":1,"11":1,"12":1,"13":1,"14":1,"15":1,"16":1,"17":1,"18":1,"19":1,"20":1,"21":1,"22":1,"23":1,"24":1,"25":0,"26":1,"27":0,"28":0,"29":1,"30":1,"31":1,"32":1,"33":1,"34":1,"35":0,"36":1,"37":0,"38":1,"39":1,"40":1,"41":1,"42":0,"43":0,"44":0,"45":0,"46":0,"47":0,"48":0,"49":0,"50":0,"51":0,"52":0,"53":0,"54":0,"55":0,"56":0,"57":0,"58":0,"59":0,"60":0,"61":0,"62":0,"63":0,"64":0,"65":0,"66":0,"67":0,"68":0,"69":0,"70":0,"71":0,"72":0,"73":0,"74":1,"75":1,"76":1,"77":1,"78":1,"79":1,"80":0,"81":1,"82":0,"83":1,"84":1,"85":1,"86":1,"87":1,"88":1,"89":2,"90":2,"91":2,"92":2,"93":2,"94":2,"95":0,"96":0,"97":0,"98":0,"99":0,"100":0,"101":0,"102":2,"103":1,"104":1,"105":1,"106":1,"107":1},"f":{"0":0,"1":1,"2":0,"3":0,"4":0,"5":0,"6":1,"7":1,"8":0,"9":0,"10":1,"11":2,"12":0,"13":0,"14":1},"b":{"0":[0,0,0],"1":[0],"2":[0,0,0,0,0],"3":[0,0],"4":[1,0],"5":[1,0],"6":[1,0],"7":[1,0],"8":[1,0],"9":[1,0],"10":[1,0,1,1],"11":[1,0],"12":[1,1],"13":[0],"14":[1,0],"15":[1],"16":[0],"17":[0],"18":[0,1],"19":[1,1],"20":[0,0],"21":[0,1],"22":[0,1],"23":[0],"24":[0],"25":[0,0],"26":[0,0],"27":[0],"28":[0,0],"29":[0,2],"30":[0,0],"31":[0,0],"32":[0,0]}}
}
